Change Component Designator: Old Designator=? New Designator=22
Change Component Designator: Old Designator=? New Designator=23
Change Component Designator: Old Designator=? New Designator=24
Change Component Designator: Old Designator=? New Designator=25
Change Component Designator: Old Designator=? New Designator=26
Change Component Designator: Old Designator=? New Designator=27
Change Component Designator: Old Designator=? New Designator=28
Change Component Designator: Old Designator=? New Designator=29
Change Component Designator: Old Designator=? New Designator=30
Change Component Designator: Old Designator=? New Designator=31
Change Component Designator: Old Designator=? New Designator=32
Change Component Designator: Old Designator=? New Designator=33
Change Component Designator: Old Designator=? New Designator=34
Change Component Designator: Old Designator=? New Designator=35
Change Component Designator: Old Designator=? New Designator=36
Change Component Designator: Old Designator=? New Designator=37
Change Component Designator: Old Designator=? New Designator=38
Change Component Designator: Old Designator=? New Designator=39
Change Component Designator: Old Designator=? New Designator=40
Change Component Designator: Old Designator=? New Designator=41
Change Component Designator: Old Designator=? New Designator=42
Change Component Designator: Old Designator=C? New Designator=C1
Change Component Designator: Old Designator=C? New Designator=C2
Change Component Designator: Old Designator=C? New Designator=C3
Change Component Designator: Old Designator=C? New Designator=C4
Change Component Designator: Old Designator=C? New Designator=C5
Change Component Designator: Old Designator=C? New Designator=C6
Change Component Designator: Old Designator=C? New Designator=C7
Change Component Designator: Old Designator=C? New Designator=C8
Change Component Designator: Old Designator=C? New Designator=C9
Change Component Designator: Old Designator=C? New Designator=C10
Change Component Designator: Old Designator=C? New Designator=C11
Change Component Designator: Old Designator=C? New Designator=C12
Change Component Designator: Old Designator=ED? New Designator=ED1
Change Component Designator: Old Designator=ED? New Designator=ED2
Change Component Designator: Old Designator=ED? New Designator=ED3
Change Component Designator: Old Designator=ED? New Designator=ED4
Change Component Designator: Old Designator=ED? New Designator=ED5
Change Component Designator: Old Designator=J? New Designator=J2
Change Component Designator: Old Designator=J? New Designator=J3
Change Component Designator: Old Designator=J? New Designator=J4
Change Component Designator: Old Designator=Q? New Designator=Q1
Change Component Designator: Old Designator=R? New Designator=R5
Change Component Designator: Old Designator=R? New Designator=R6
Change Component Designator: Old Designator=R? New Designator=R7
Change Component Designator: Old Designator=R? New Designator=R8
Change Component Designator: Old Designator=R? New Designator=R9
Change Component Designator: Old Designator=R? New Designator=R10
Change Component Designator: Old Designator=R? New Designator=R11
Change Component Designator: Old Designator=R? New Designator=R12
Change Component Designator: Old Designator=U? New Designator=U4
Change Component Designator: Old Designator=U? New Designator=U5
Change Component Designator: Old Designator=U? New Designator=U6
Change Component Designator: Old Designator=U? New Designator=U7
Change Component Designator: Old Designator=Y? New Designator=Y1
